Log file open, 09/15/24 23:54:40
LogWindows: Failed to load 'aqProf.dll' (GetLastError=126)
LogWindows: File 'aqProf.dll' does not exist
LogWindows: Failed to load 'VtuneApi.dll' (GetLastError=126)
LogWindows: File 'VtuneApi.dll' does not exist
LogWindows: Failed to load 'VtuneApi32e.dll' (GetLastError=126)
LogWindows: File 'VtuneApi32e.dll' does not exist
LogConsoleResponse: Display: Failed to find resolution value strings in scalability ini. Falling back to default.
LogConsoleResponse: Display: Failed to find resolution value strings in scalability ini. Falling back to default.
LogInit: Display: Running engine for game: BoomerShooter
LogPlatformFile: Not using cached read wrapper
LogTaskGraph: Started task graph with 5 named threads and 23 total threads with 3 sets of task threads.
LogStats: Stats thread started at 7.654234
LogICUInternationalization: ICU TimeZone Detection - Raw Offset: +0:00, Platform Override: ''
LogInit: Display: Loading text-based GConfig....
LogPluginManager: Mounting plugin MegascansPlugin
LogPluginManager: Mounting plugin MeshPainting
LogPluginManager: Mounting plugin XGEController
LogPluginManager: Mounting plugin Paper2D
LogPluginManager: Mounting plugin LiveLink
LogPluginManager: Mounting plugin AISupport
LogPluginManager: Mounting plugin EnvironmentQueryEditor
LogPluginManager: Mounting plugin LightPropagationVolume
LogPluginManager: Mounting plugin CameraShakePreviewer
LogPluginManager: Mounting plugin GameplayCameras
LogPluginManager: Mounting plugin AnimationSharing
LogPluginManager: Mounting plugin CLionSourceCodeAccess
LogPluginManager: Mounting plugin CodeLiteSourceCodeAccess
LogPluginManager: Mounting plugin GitSourceControl
LogPluginManager: Mounting plugin KDevelopSourceCodeAccess
LogPluginManager: Mounting plugin NullSourceCodeAccess
LogPluginManager: Mounting plugin PerforceSourceControl
LogPluginManager: Mounting plugin PixWinPlugin
LogPluginManager: Mounting plugin PlasticSourceControl
LogPluginManager: Mounting plugin PluginUtils
LogPluginManager: Mounting plugin PropertyAccessNode
LogPluginManager: Mounting plugin RiderLink
LogPluginManager: Mounting plugin RiderSourceCodeAccess
LogPluginManager: Mounting plugin SubversionSourceControl
LogPluginManager: Mounting plugin TextureFormatOodle
LogPluginManager: Mounting plugin UObjectPlugin
LogPluginManager: Mounting plugin VisualStudioSourceCodeAccess
LogPluginManager: Mounting plugin VisualStudioCodeSourceCodeAccess
LogPluginManager: Mounting plugin XCodeSourceCodeAccess
LogPluginManager: Mounting plugin OodleData
LogPluginManager: Mounting plugin AssetManagerEditor
LogPluginManager: Mounting plugin OodleNetwork
LogPluginManager: Mounting plugin CryptoKeys
LogPluginManager: Mounting plugin CurveEditorTools
LogPluginManager: Mounting plugin EditorScriptingUtilities
LogPluginManager: Mounting plugin GameplayTagsEditor
LogPluginManager: Mounting plugin DataValidation
LogPluginManager: Mounting plugin FacialAnimation
LogPluginManager: Mounting plugin MacGraphicsSwitching
LogPluginManager: Mounting plugin MaterialAnalyzer
LogPluginManager: Mounting plugin MobileLauncherProfileWizard
LogPluginManager: Mounting plugin PluginBrowser
LogPluginManager: Mounting plugin SpeedTreeImporter
LogPluginManager: Mounting plugin DatasmithContent
LogPluginManager: Mounting plugin Niagara
LogPluginManager: Mounting plugin VariantManagerContent
LogPluginManager: Mounting plugin AlembicImporter
LogPluginManager: Mounting plugin AutomationUtils
LogPluginManager: Mounting plugin BackChannel
LogPluginManager: Mounting plugin ChaosCloth
LogPluginManager: Mounting plugin GeometryMode
LogPluginManager: Mounting plugin ChaosEditor
LogPluginManager: Mounting plugin ChaosClothEditor
LogPluginManager: Mounting plugin ChaosNiagara
LogPluginManager: Mounting plugin CharacterAI
LogPluginManager: Mounting plugin ChaosSolverPlugin
LogPluginManager: Mounting plugin LuminPlatformFeatures
LogPluginManager: Mounting plugin MagicLeap
LogPluginManager: Mounting plugin GeometryCache
LogPluginManager: Mounting plugin GeometryCollectionPlugin
LogPluginManager: Mounting plugin EnhancedInput
LogPluginManager: Mounting plugin GeometryProcessing
LogPluginManager: Mounting plugin AutoSizeComments
LogPluginManager: Mounting plugin BlockoutToolsPlugin
LogPluginManager: Mounting plugin MotoSynth
LogPluginManager: Mounting plugin LowEntryExtStdLib
LogPluginManager: Mounting plugin OpenImageDenoise
LogPluginManager: Mounting plugin PlanarCut
LogPluginManager: Mounting plugin ProxyLODPlugin
LogPluginManager: Mounting plugin PythonScriptPlugin
LogPluginManager: Mounting plugin PlatformCrypto
LogPluginManager: Mounting plugin MagicLeapLightEstimation
LogPluginManager: Mounting plugin MagicLeapMedia
LogPluginManager: Mounting plugin MLSDK
LogPluginManager: Mounting plugin MagicLeapPassableWorld
LogPluginManager: Mounting plugin SkeletalReduction
LogPluginManager: Mounting plugin TcpMessaging
LogPluginManager: Mounting plugin UdpMessaging
LogPluginManager: Mounting plugin AndroidMedia
LogPluginManager: Mounting plugin AvfMedia
LogPluginManager: Mounting plugin ImgMedia
LogPluginManager: Mounting plugin MediaCompositing
LogPluginManager: Mounting plugin MediaPlayerEditor
LogPluginManager: Mounting plugin WebMMedia
LogPluginManager: Mounting plugin ActorSequence
LogPluginManager: Mounting plugin WmfMedia
LogPluginManager: Mounting plugin MatineeToLevelSequence
LogPluginManager: Mounting plugin LevelSequenceEditor
LogPluginManager: Mounting plugin TemplateSequence
LogPluginManager: Mounting plugin OnlineSubsystem
LogPluginManager: Mounting plugin OnlineSubsystemNull
LogPluginManager: Mounting plugin OnlineSubsystemUtils
LogPluginManager: Mounting plugin LauncherChunkInstaller
LogPluginManager: Mounting plugin ActorLayerUtilities
LogPluginManager: Mounting plugin AndroidDeviceProfileSelector
LogPluginManager: Mounting plugin AndroidMoviePlayer
LogPluginManager: Mounting plugin AndroidPermission
LogPluginManager: Mounting plugin AppleImageUtils
LogPluginManager: Mounting plugin AppleMoviePlayer
LogPluginManager: Mounting plugin ArchVisCharacter
LogPluginManager: Mounting plugin AssetTags
LogPluginManager: Mounting plugin AudioCapture
LogPluginManager: Mounting plugin CableComponent
LogPluginManager: Mounting plugin ChunkDownloader
LogPluginManager: Mounting plugin CustomMeshComponent
LogPluginManager: Mounting plugin AudioSynesthesia
LogPluginManager: Mounting plugin EditableMesh
LogPluginManager: Mounting plugin ExampleDeviceProfileSelector
LogPluginManager: Mounting plugin GoogleCloudMessaging
LogPluginManager: Mounting plugin GooglePAD
LogPluginManager: Mounting plugin IOSDeviceProfileSelector
LogPluginManager: Mounting plugin LinuxDeviceProfileSelector
LogPluginManager: Mounting plugin LocationServicesBPLibrary
LogPluginManager: Mounting plugin MobilePatchingUtils
LogPluginManager: Mounting plugin ScreenshotTools
LogPluginManager: Mounting plugin OpenXR
LogPluginManager: Mounting plugin OpenXREyeTracker
LogPluginManager: Mounting plugin PhysXVehicles
LogPluginManager: Mounting plugin PostSplashScreen
LogPluginManager: Mounting plugin OpenXRHandTracking
LogPluginManager: Mounting plugin PropertyAccessEditor
LogPluginManager: Mounting plugin ProceduralMeshComponent
LogPluginManager: Mounting plugin SignificanceManager
LogPluginManager: Mounting plugin SoundFields
LogPluginManager: Mounting plugin Synthesis
LogPluginManager: Mounting plugin RuntimePhysXCooking
LogPluginManager: Mounting plugin WebMMoviePlayer
LogPluginManager: Mounting plugin WindowsMoviePlayer
LogPluginManager: Mounting plugin Takes
LogPluginManager: Mounting plugin ContentBrowserAssetDataSource
LogPluginManager: Mounting plugin ContentBrowserClassDataSource
LogPluginManager: Mounting plugin ContentBrowserFileDataSource
LogPluginManager: Mounting plugin OnlineSubsystemGooglePlay
LogPluginManager: Mounting plugin OnlineSubsystemIOS
LogPluginManager: Mounting plugin DatabaseSupport
LogPluginManager: Mounting plugin SQLiteCore
LogPluginManager: Mounting plugin SQLiteSupport
LogPluginManager: Mounting plugin OculusVR
LogPluginManager: Mounting plugin SteamVR
LogInit: Warning: Incompatible or missing module: BoomerShooter
Running C:/Program Files/Epic Games/UE_4.27/Engine/Binaries/DotNET/UnrealBuildTool.exe Development Win64 -Project="C:/Users/TheAm/Documents/_Archive/Unreal Projects/BoomerShooterTemplate - Broken/BoomerShooter.uproject" -TargetType=Editor -Progress -NoEngineChanges -NoHotReloadFromIDE
Creating makefile for BoomerShooterEditor (no existing makefile)
@progress push 5%
Parsing headers for BoomerShooterEditor
  Running UnrealHeaderTool "C:\Users\TheAm\Documents\_Archive\Unreal Projects\BoomerShooterTemplate - Broken\BoomerShooter.uproject" "C:\Users\TheAm\Documents\_Archive\Unreal Projects\BoomerShooterTemplate - Broken\Intermediate\Build\Win64\BoomerShooterEditor\Development\BoomerShooterEditor.uhtmanifest" -LogCmds="loginit warning, logexit warning, logdatabase error" -Unattended -WarningsAsErrors -abslog="C:\Users\TheAm\AppData\Local\UnrealBuildTool\Log_UHT.txt" -installed
LogInit: Display: Loading text-based GConfig....
Reflection code generated for BoomerShooterEditor in 60.7040077 seconds
@progress pop
Building BoomerShooterEditor...
Using Visual Studio 2022 14.38.33133 toolchain (C:\Program Files\Microsoft Visual Studio\2022\Community\VC\Tools\MSVC\14.38.33130) and Windows 10.0.19041.0 SDK (C:\Program Files (x86)\Windows Kits\10).
Building 9 actions with 8 processes...
  @progress 'Compiling C++ source code...' 0%
  @progress 'Compiling C++ source code...' 11%
  [1/9] Default.rc2
  @progress 'Compiling C++ source code...' 22%
  [2/9] SharedPCH.Engine.ShadowErrors.cpp
  Detected compiler newer than Visual Studio 2019, please update min version checking in WindowsPlatformCompilerSetup.h
  @progress 'Compiling C++ source code...' 33%
  [3/9] BoomerShooter.init.gen.cpp
  @progress 'Compiling C++ source code...' 44%
  [4/9] BoomerShooter.cpp
  @progress 'Compiling C++ source code...' 56%
  [5/9] EnvQueryGenerator_PerceivedActors.gen.cpp
  @progress 'Compiling C++ source code...' 67%
  [6/9] EnvQueryGenerator_PerceivedActors.cpp
  C:\Users\TheAm\Documents\_Archive\Unreal Projects\BoomerShooterTemplate - Broken\Source\BoomerShooter\Private\EnvQueryGenerator_PerceivedActors.cpp(92): error C3553: decltype expects an expression not a type
  C:\Users\TheAm\Documents\_Archive\Unreal Projects\BoomerShooterTemplate - Broken\Source\BoomerShooter\Private\EnvQueryGenerator_PerceivedActors.cpp(92): error C2955: 'TIsArrayOrRefOfType': use of class template requires template argument list
  C:\Program Files\Epic Games\UE_4.27\Engine\Source\Runtime\Core\Public\Templates/IsArrayOrRefOfType.h(13): note: see declaration of 'TIsArrayOrRefOfType'
  C:\Users\TheAm\Documents\_Archive\Unreal Projects\BoomerShooterTemplate - Broken\Source\BoomerShooter\Private\EnvQueryGenerator_PerceivedActors.cpp(92): error C2039: 'LogEQS': is not a member of 'ELogVerbosity'
  C:\Program Files\Epic Games\UE_4.27\Engine\Source\Runtime\Core\Public\Logging/LogVerbosity.h(12): note: see declaration of 'ELogVerbosity'
  C:\Users\TheAm\Documents\_Archive\Unreal Projects\BoomerShooterTemplate - Broken\Source\BoomerShooter\Private\EnvQueryGenerator_PerceivedActors.cpp(92): error C2678: binary '&': no operator found which takes a left-hand operand of type 'FLogCategoryLogEQS' (or there is no acceptable conversion)
  C:\Program Files\Epic Games\UE_4.27\Engine\Source\Runtime\Engine\Classes\Engine/NetDriver.h(664): note: could be 'EProcessRemoteFunctionFlags operator &(EProcessRemoteFunctionFlags,EProcessRemoteFunctionFlags)'
  C:\Program Files\Epic Games\UE_4.27\Engine\Source\Runtime\Engine\Classes\Engine\Channel.h(43): note: or       'EChannelCreateFlags operator &(EChannelCreateFlags,EChannelCreateFlags)'
  C:\Program Files\Epic Games\UE_4.27\Engine\Source\Runtime\Engine\Classes\Camera/CameraShakeBase.h(128): note: or       'ECameraShakeUpdateResultFlags operator &(ECameraShakeUpdateResultFlags,ECameraShakeUpdateResultFlags)'
  C:\Program Files\Epic Games\UE_4.27\Engine\Source\Runtime\PropertyAccess\Public\PropertyAccess.h(200): note: or       'EPropertyAccessSegmentFlags operator &(EPropertyAccessSegmentFlags,EPropertyAccessSegmentFlags)'
  C:\Program Files\Epic Games\UE_4.27\Engine\Source\Runtime\Engine\Public\AnimationRuntime.h(551): note: or       'FAnimationRuntime::EBlendPosesPerBoneFilterFlags operator &(FAnimationRuntime::EBlendPosesPerBoneFilterFlags,FAnimationRuntime::EBlendPosesPerBoneFilterFlags)'
  C:\Program Files\Epic Games\UE_4.27\Engine\Source\Runtime\Engine\Classes\Components/SkinnedMeshComponent.h(113): note: or       'EVertexOffsetUsageType operator &(EVertexOffsetUsageType,EVertexOffsetUsageType)'
  C:\Program Files\Epic Games\UE_4.27\Engine\Source\Runtime\Engine\Public\Rendering/StaticMeshVertexDataInterface.h(13): note: or       'EResizeBufferFlags operator &(EResizeBufferFlags,EResizeBufferFlags)'
  C:\Program Files\Epic Games\UE_4.27\Engine\Source\Runtime\RHI\Public\PipelineStateCache.h(40): note: or       'ERayTracingPipelineCacheFlags operator &(ERayTracingPipelineCacheFlags,ERayTracingPipelineCacheFlags)'
  C:\Program Files\Epic Games\UE_4.27\Engine\Source\Runtime\RHI\Public\PipelineStateCache.h(25): note: or       'EApplyRendertargetOption operator &(EApplyRendertargetOption,EApplyRendertargetOption)'
  C:\Program Files\Epic Games\UE_4.27\Engine\Source\Runtime\RenderCore\Public\RenderGraphDefinitions.h(131): note: or       'ERDGUnorderedAccessViewFlags operator &(ERDGUnorderedAccessViewFlags,ERDGUnorderedAccessViewFlags)'
  C:\Program Files\Epic Games\UE_4.27\Engine\Source\Runtime\RenderCore\Public\RenderGraphDefinitions.h(121): note: or       'ERDGTextureFlags operator &(ERDGTextureFlags,ERDGTextureFlags)'
  C:\Program Files\Epic Games\UE_4.27\Engine\Source\Runtime\RenderCore\Public\RenderGraphDefinitions.h(108): note: or       'ERDGBufferFlags operator &(ERDGBufferFlags,ERDGBufferFlags)'
  C:\Program Files\Epic Games\UE_4.27\Engine\Source\Runtime\RenderCore\Public\RenderGraphDefinitions.h(98): note: or       'ERDGPassFlags operator &(ERDGPassFlags,ERDGPassFlags)'
  C:\Program Files\Epic Games\UE_4.27\Engine\Source\Runtime\RenderCore\Public\VirtualTexturing.h(188): note: or       'EVTProducePageFlags operator &(EVTProducePageFlags,EVTProducePageFlags)'
  C:\Program Files\Epic Games\UE_4.27\Engine\Source\Runtime\PhysicsCore\Public\PhysicsInterfaceWrapperShared.h(77): note: or       'EHitFlags operator &(EHitFlags,EHitFlags)'
  C:\Program Files\Epic Games\UE_4.27\Engine\Source\Runtime\PhysicsCore\Public\PhysicsInterfaceWrapperShared.h(19): note: or       'EQueryFlags operator &(EQueryFlags,EQueryFlags)'
  C:\Program Files\Epic Games\UE_4.27\Engine\Source\Runtime\Engine\Classes\Engine/Blueprint.h(416): note: or       'EGetObjectOrWorldBeingDebuggedFlags operator &(EGetObjectOrWorldBeingDebuggedFlags,EGetObjectOrWorldBeingDebuggedFlags)'
  C:\Program Files\Epic Games\UE_4.27\Engine\Source\Runtime\Engine\Classes\Components/SceneComponent.h(96): note: or       'EMoveComponentFlags operator &(EMoveComponentFlags,EMoveComponentFlags)'
  C:\Program Files\Epic Games\UE_4.27\Engine\Source\Runtime\Engine\Classes\Components/ActorComponent.h(77): note: or       'EUpdateTransformFlags operator &(EUpdateTransformFlags,EUpdateTransformFlags)'
  C:\Program Files\Epic Games\UE_4.27\Engine\Source\Runtime\Engine\Classes\Engine/NetSerialization.h(457): note: or       'EFastArraySerializerDeltaFlags operator &(EFastArraySerializerDeltaFlags,EFastArraySerializerDeltaFlags)'
  C:\Program Files\Epic Games\UE_4.27\Engine\Source\Runtime\Sockets\Public\SocketTypes.h(158): note: or       'ERecvMultiFlags operator &(ERecvMultiFlags,ERecvMultiFlags)'
  C:\Program Files\Epic Games\UE_4.27\Engine\Source\Runtime\RenderCore\Public\VertexFactory.h(91): note: or       'EVertexStreamUsage operator &(EVertexStreamUsage,EVertexStreamUsage)'
  C:\Program Files\Epic Games\UE_4.27\Engine\Source\Runtime\RenderCore\Public\Shader.h(625): note: or       'EShaderPermutationFlags operator &(EShaderPermutationFlags,EShaderPermutationFlags)'
  C:\Program Files\Epic Games\UE_4.27\Engine\Source\Runtime\RHI\Public\RHI.h(1821): note: or       'EResourceTransitionFlags operator &(EResourceTransitionFlags,EResourceTransitionFlags)'
  C:\Program Files\Epic Games\UE_4.27\Engine\Source\Runtime\RHI\Public\RHI.h(1810): note: or       'ERHICreateTransitionFlags operator &(ERHICreateTransitionFlags,ERHICreateTransitionFlags)'
  C:\Program Files\Epic Games\UE_4.27\Engine\Source\Runtime\RHI\Public\RHI.h(812): note: or       'ERHIAccess operator &(ERHIAccess,ERHIAccess)'
  C:\Program Files\Epic Games\UE_4.27\Engine\Source\Runtime\RHI\Public\RHI.h(734): note: or       'ERHIPipeline operator &(ERHIPipeline,ERHIPipeline)'
  C:\Program Files\Epic Games\UE_4.27\Engine\Source\Runtime\RHI\Public\RHIDefinitions.h(1484): note: or       'ETextureCreateFlags operator &(ETextureCreateFlags,ETextureCreateFlags)'
  C:\Program Files\Epic Games\UE_4.27\Engine\Source\Runtime\RHI\Public\RHIDefinitions.h(1345): note: or       'EBufferUsageFlags operator &(EBufferUsageFlags,EBufferUsageFlags)'
  C:\Program Files\Epic Games\UE_4.27\Engine\Source\Runtime\Slate\Public\Framework/Docking/TabManager.h(36): note: or       'ETabIdFlags operator &(ETabIdFlags,ETabIdFlags)'
  C:\Program Files\Epic Games\UE_4.27\Engine\Source\Runtime\Slate\Public\Framework/Application/SlateApplication.h(153): note: or       'ESlateTickType operator &(ESlateTickType,ESlateTickType)'
  C:\Program Files\Epic Games\UE_4.27\Engine\Source\Runtime\Slate\Public\Framework/Text/IRun.h(46): note: or       'ERunAttributes operator &(ERunAttributes,ERunAttributes)'
  C:\Program Files\Epic Games\UE_4.27\Engine\Source\Runtime\SlateCore\Public\Layout/Clipping.h(201): note: or       'EClippingFlags operator &(EClippingFlags,EClippingFlags)'
  C:\Program Files\Epic Games\UE_4.27\Engine\Source\Runtime\SlateCore\Public\Rendering/RenderingCommon.h(127): note: or       'ESlateBatchDrawFlag operator &(ESlateBatchDrawFlag,ESlateBatchDrawFlag)'
  C:\Program Files\Epic Games\UE_4.27\Engine\Source\Runtime\SlateCore\Public\Rendering/RenderingCommon.h(99): note: or       'ESlateDrawEffect operator &(ESlateDrawEffect,ESlateDrawEffect)'
  C:\Program Files\Epic Games\UE_4.27\Engine\Source\Runtime\SlateCore\Public\Trace/SlateTrace.h(26): note: or       'ESlateTraceApplicationFlags operator &(ESlateTraceApplicationFlags,ESlateTraceApplicationFlags)'
  C:\Program Files\Epic Games\UE_4.27\Engine\Source\Runtime\SlateCore\Public\Debugging/SlateDebugging.h(208): note: or       'ESlateDebuggingInvalidateRootReason operator &(ESlateDebuggingInvalidateRootReason,ESlateDebuggingInvalidateRootReason)'
  C:\Program Files\Epic Games\UE_4.27\Engine\Source\Runtime\SlateCore\Public\Widgets/InvalidateWidgetReason.h(62): note: or       'EInvalidateWidgetReason operator &(EInvalidateWidgetReason,EInvalidateWidgetReason)'
  C:\Program Files\Epic Games\UE_4.27\Engine\Source\Runtime\Core\Public\ProfilingDebugging/CsvProfiler.h(182): note: or       'ECsvProfilerFlags operator &(ECsvProfilerFlags,ECsvProfilerFlags)'
  C:\Program Files\Epic Games\UE_4.27\Engine\Source\Runtime\SlateCore\Public\FastUpdate/WidgetUpdateFlags.h(27): note: or       'EWidgetUpdateFlags operator &(EWidgetUpdateFlags,EWidgetUpdateFlags)'
  C:\Program Files\Epic Games\UE_4.27\Engine\Source\Runtime\Core\Public\IO/IoDispatcher.h(1050): note: or       'EIoContainerFlags operator &(EIoContainerFlags,EIoContainerFlags)'
  C:\Program Files\Epic Games\UE_4.27\Engine\Source\Runtime\CoreUObject\Public\UObject/UnrealType.h(94): note: or       'EPropertyObjectReferenceType operator &(EPropertyObjectReferenceType,EPropertyObjectReferenceType)'
  C:\Program Files\Epic Games\UE_4.27\Engine\Source\Runtime\CoreUObject\Public\UObject/Class.h(1997): note: or       'EGetByNameFlags operator &(EGetByNameFlags,EGetByNameFlags)'
  C:\Program Files\Epic Games\UE_4.27\Engine\Source\Runtime\CoreUObject\Public\UObject/FastReferenceCollectorOptions.h(20): note: or       'EFastReferenceCollectorOptions operator &(EFastReferenceCollectorOptions,EFastReferenceCollectorOptions)'
  C:\Program Files\Epic Games\UE_4.27\Engine\Source\Runtime\CoreUObject\Public\UObject/UObjectBaseUtility.h(34): note: or       'EObjectFullNameFlags operator &(EObjectFullNameFlags,EObjectFullNameFlags)'
  C:\Program Files\Epic Games\UE_4.27\Engine\Source\Runtime\CoreUObject\Public\UObject/UObjectGlobals.h(1982): note: or       'EHotReloadedClassFlags operator &(EHotReloadedClassFlags,EHotReloadedClassFlags)'
  C:\Program Files\Epic Games\UE_4.27\Engine\Source\Runtime\CoreUObject\Public\UObject/ObjectMacros.h(562): note: or       'EEnumFlags operator &(EEnumFlags,EEnumFlags)'
  C:\Program Files\Epic Games\UE_4.27\Engine\Source\Runtime\CoreUObject\Public\UObject/ObjectMacros.h(552): note: or       'EInternalObjectFlags operator &(EInternalObjectFlags,EInternalObjectFlags)'
  C:\Program Files\Epic Games\UE_4.27\Engine\Source\Runtime\CoreUObject\Public\UObject/ObjectMacros.h(529): note: or       'EObjectFlags operator &(EObjectFlags,EObjectFlags)'
  C:\Program Files\Epic Games\UE_4.27\Engine\Source\Runtime\CoreUObject\Public\UObject/ObjectMacros.h(470): note: or       'EMapPropertyFlags operator &(EMapPropertyFlags,EMapPropertyFlags)'
  C:\Program Files\Epic Games\UE_4.27\Engine\Source\Runtime\CoreUObject\Public\UObject/ObjectMacros.h(459): note: or       'EArrayPropertyFlags operator &(EArrayPropertyFlags,EArrayPropertyFlags)'
  C:\Program Files\Epic Games\UE_4.27\Engine\Source\Runtime\CoreUObject\Public\UObject/ObjectMacros.h(448): note: or       'EPropertyFlags operator &(EPropertyFlags,EPropertyFlags)'
  C:\Program Files\Epic Games\UE_4.27\Engine\Source\Runtime\CoreUObject\Public\UObject/ObjectMacros.h(354): note: or       'EClassCastFlags operator &(EClassCastFlags,EClassCastFlags)'
  C:\Program Files\Epic Games\UE_4.27\Engine\Source\Runtime\CoreUObject\Public\UObject/ObjectMacros.h(246): note: or       'EClassFlags operator &(EClassFlags,EClassFlags)'
  C:\Program Files\Epic Games\UE_4.27\Engine\Source\Runtime\CoreUObject\Public\UObject/ObjectMacros.h(142): note: or       'EPackageFlags operator &(EPackageFlags,EPackageFlags)'
  C:\Program Files\Epic Games\UE_4.27\Engine\Source\Runtime\CoreUObject\Public\UObject/Script.h(152): note: or       'EFunctionFlags operator &(EFunctionFlags,EFunctionFlags)'
  C:\Program Files\Epic Games\UE_4.27\Engine\Source\Runtime\Core\Public\Async/ParallelFor.h(40): note: or       'EParallelForFlags operator &(EParallelForFlags,EParallelForFlags)'
  C:\Program Files\Epic Games\UE_4.27\Engine\Source\Runtime\Core\Public\Misc/FileHelper.h(204): note: or       'FFileHelper::EHashOptions operator &(FFileHelper::EHashOptions,FFileHelper::EHashOptions)'
  C:\Program Files\Epic Games\UE_4.27\Engine\Source\Runtime\Core\Public\GenericPlatform/GenericPlatformFile.h(76): note: or       'EDirectoryVisitorFlags operator &(EDirectoryVisitorFlags,EDirectoryVisitorFlags)'
  C:\Program Files\Epic Games\UE_4.27\Engine\Source\Runtime\Core\Public\GenericPlatform/GenericPlatformFile.h(65): note: or       'EPlatformFileWrite operator &(EPlatformFileWrite,EPlatformFileWrite)'
  C:\Program Files\Epic Games\UE_4.27\Engine\Source\Runtime\Core\Public\GenericPlatform/GenericPlatformFile.h(54): note: or       'EPlatformFileRead operator &(EPlatformFileRead,EPlatformFileRead)'
  C:\Program Files\Epic Games\UE_4.27\Engine\Source\Runtime\Core\Public\GenericPlatform/GenericPlatformFile.h(43): note: or       'EAsyncIOPriorityAndFlags operator &(EAsyncIOPriorityAndFlags,EAsyncIOPriorityAndFlags)'
  C:\Program Files\Epic Games\UE_4.27\Engine\Source\Runtime\Core\Public\Modules/ModuleManager.h(79): note: or       'ECheckModuleCompatibilityFlags operator &(ECheckModuleCompatibilityFlags,ECheckModuleCompatibilityFlags)'
  C:\Program Files\Epic Games\UE_4.27\Engine\Source\Runtime\Core\Public\GenericPlatform/GenericPlatformAffinity.h(40): note: or       'EThreadCreateFlags operator &(EThreadCreateFlags,EThreadCreateFlags)'
  C:\Program Files\Epic Games\UE_4.27\Engine\Source\Runtime\Core\Public\Internationalization/Text.h(86): note: or       'ETextIdenticalModeFlags operator &(ETextIdenticalModeFlags,ETextIdenticalModeFlags)'
  C:\Program Files\Epic Games\UE_4.27\Engine\Source\Runtime\Core\Public\Internationalization/TextLocalizationManager.h(35): note: or       'ETextLocalizationManagerInitializedFlags operator &(ETextLocalizationManagerInitializedFlags,ETextLocalizationManagerInitializedFlags)'
  C:\Program Files\Epic Games\UE_4.27\Engine\Source\Runtime\Core\Public\Internationalization/LocalizedTextSourceTypes.h(58): note: or       'ELocalizationLoadFlags operator &(ELocalizationLoadFlags,ELocalizationLoadFlags)'
  C:\Program Files\Epic Games\UE_4.27\Engine\Source\Runtime\Core\Public\Containers/BitArray.h(67): note: or       'EBitwiseOperatorFlags operator &(EBitwiseOperatorFlags,EBitwiseOperatorFlags)'
  C:\Users\TheAm\Documents\_Archive\Unreal Projects\BoomerShooterTemplate - Broken\Source\BoomerShooter\Private\EnvQueryGenerator_PerceivedActors.cpp(92): note: while trying to match the argument list '(FLogCategoryLogEQS, ELogVerbosity::Type)'
  C:\Users\TheAm\Documents\_Archive\Unreal Projects\BoomerShooterTemplate - Broken\Source\BoomerShooter\Private\EnvQueryGenerator_PerceivedActors.cpp(92): error C2678: binary '>': no operator found which takes a left-hand operand of type 'FLogCategoryLogEQS' (or there is no acceptable conversion)
  C:\Program Files\Epic Games\UE_4.27\Engine\Source\Runtime\Core\Public\Misc/FrameTime.h(169): note: could be 'bool operator >(FFrameTime,FFrameTime)'
  C:\Program Files\Epic Games\UE_4.27\Engine\Source\Runtime\Engine\Public\Net\Util/SequenceNumber.h(68): note: or       'bool operator >(const TSequenceNumber<NumBits,SequenceType> &,const TSequenceNumber<NumBits,SequenceType> &)'
  C:\Users\TheAm\Documents\_Archive\Unreal Projects\BoomerShooterTemplate - Broken\Source\BoomerShooter\Private\EnvQueryGenerator_PerceivedActors.cpp(92): note: 'bool operator >(const TSequenceNumber<NumBits,SequenceType> &,const TSequenceNumber<NumBits,SequenceType> &)': could not deduce template argument for 'const TSequenceNumber<NumBits,SequenceType> &' from 'FLogCategoryLogEQS'
  C:\Users\TheAm\Documents\_Archive\Unreal Projects\BoomerShooterTemplate - Broken\Source\BoomerShooter\Private\EnvQueryGenerator_PerceivedActors.cpp(92): note: while trying to match the argument list '(FLogCategoryLogEQS, int)'
  C:\Users\TheAm\Documents\_Archive\Unreal Projects\BoomerShooterTemplate - Broken\Source\BoomerShooter\Private\EnvQueryGenerator_PerceivedActors.cpp(92): error C2653: 'FLogCategoryQueryOwner': is not a class or namespace name
  C:\Users\TheAm\Documents\_Archive\Unreal Projects\BoomerShooterTemplate - Broken\Source\BoomerShooter\Private\EnvQueryGenerator_PerceivedActors.cpp(92): error C2065: 'CompileTimeVerbosity': undeclared identifier
  C:\Users\TheAm\Documents\_Archive\Unreal Projects\BoomerShooterTemplate - Broken\Source\BoomerShooter\Private\EnvQueryGenerator_PerceivedActors.cpp(92): error C2143: syntax error: missing ')' before ','
  C:\Users\TheAm\Documents\_Archive\Unreal Projects\BoomerShooterTemplate - Broken\Source\BoomerShooter\Private\EnvQueryGenerator_PerceivedActors.cpp(92): error C3861: 'UE_LOG_EXPAND_IS_FATAL_LogEQS': identifier not found
  C:\Users\TheAm\Documents\_Archive\Unreal Projects\BoomerShooterTemplate - Broken\Source\BoomerShooter\Private\EnvQueryGenerator_PerceivedActors.cpp(92): error C2059: syntax error: 'if'
  C:\Users\TheAm\Documents\_Archive\Unreal Projects\BoomerShooterTemplate - Broken\Source\BoomerShooter\Private\EnvQueryGenerator_PerceivedActors.cpp(92): error C2059: syntax error: ')'
  C:\Users\TheAm\Documents\_Archive\Unreal Projects\BoomerShooterTemplate - Broken\Source\BoomerShooter\Private\EnvQueryGenerator_PerceivedActors.cpp(92): error C2143: syntax error: missing ';' before '{'
  C:\Users\TheAm\Documents\_Archive\Unreal Projects\BoomerShooterTemplate - Broken\Source\BoomerShooter\Private\EnvQueryGenerator_PerceivedActors.cpp(92): error C2275: 'Error': expected an expression instead of a type
  C:\Users\TheAm\Documents\_Archive\Unreal Projects\BoomerShooterTemplate - Broken\Source\BoomerShooter\Private\EnvQueryGenerator_PerceivedActors.cpp(92): error C2143: syntax error: missing ')' before ';'
  C:\Users\TheAm\Documents\_Archive\Unreal Projects\BoomerShooterTemplate - Broken\Source\BoomerShooter\Private\EnvQueryGenerator_PerceivedActors.cpp(92): error C2065: '__LogPoint101': undeclared identifier
  C:\Users\TheAm\Documents\_Archive\Unreal Projects\BoomerShooterTemplate - Broken\Source\BoomerShooter\Private\EnvQueryGenerator_PerceivedActors.cpp(92): error C2065: 'LCategoryName': undeclared identifier
  C:\Users\TheAm\Documents\_Archive\Unreal Projects\BoomerShooterTemplate - Broken\Source\BoomerShooter\Private\EnvQueryGenerator_PerceivedActors.cpp(92): error C2065: 'LFormat': undeclared identifier
  C:\Users\TheAm\Documents\_Archive\Unreal Projects\BoomerShooterTemplate - Broken\Source\BoomerShooter\Private\EnvQueryGenerator_PerceivedActors.cpp(92): error C2065: 'UE_LOG_Args': undeclared identifier
  C:\Users\TheAm\Documents\_Archive\Unreal Projects\BoomerShooterTemplate - Broken\Source\BoomerShooter\Private\EnvQueryGenerator_PerceivedActors.cpp(92): error C3546: '...': there are no parameter packs available to expand
  C:\Users\TheAm\Documents\_Archive\Unreal Projects\BoomerShooterTemplate - Broken\Source\BoomerShooter\Private\EnvQueryGenerator_PerceivedActors.cpp(92): error C2059: syntax error: ';'
  C:\Users\TheAm\Documents\_Archive\Unreal Projects\BoomerShooterTemplate - Broken\Source\BoomerShooter\Private\EnvQueryGenerator_PerceivedActors.cpp(92): error C2059: syntax error: ','
  C:\Users\TheAm\Documents\_Archive\Unreal Projects\BoomerShooterTemplate - Broken\Source\BoomerShooter\Private\EnvQueryGenerator_PerceivedActors.cpp(92): error C3861: 'UE_LOG_noinline_lambda': identifier not found
  C:\Users\TheAm\Documents\_Archive\Unreal Projects\BoomerShooterTemplate - Broken\Source\BoomerShooter\Private\EnvQueryGenerator_PerceivedActors.cpp(92): error C2059: syntax error: '}'
  C:\Users\TheAm\Documents\_Archive\Unreal Projects\BoomerShooterTemplate - Broken\Source\BoomerShooter\Private\EnvQueryGenerator_PerceivedActors.cpp(102): error C2059: syntax error: 'continue'
  C:\Users\TheAm\Documents\_Archive\Unreal Projects\BoomerShooterTemplate - Broken\Source\BoomerShooter\Private\EnvQueryGenerator_PerceivedActors.cpp(103): error C2059: syntax error: '}'
  C:\Users\TheAm\Documents\_Archive\Unreal Projects\BoomerShooterTemplate - Broken\Source\BoomerShooter\Private\EnvQueryGenerator_PerceivedActors.cpp(103): error C2143: syntax error: missing ';' before '}'
  C:\Users\TheAm\Documents\_Archive\Unreal Projects\BoomerShooterTemplate - Broken\Source\BoomerShooter\Private\EnvQueryGenerator_PerceivedActors.cpp(104): error C2143: syntax error: missing ';' before '}'
  C:\Users\TheAm\Documents\_Archive\Unreal Projects\BoomerShooterTemplate - Broken\Source\BoomerShooter\Private\EnvQueryGenerator_PerceivedActors.cpp(104): error C2059: syntax error: '}'
  C:\Users\TheAm\Documents\_Archive\Unreal Projects\BoomerShooterTemplate - Broken\Source\BoomerShooter\Private\EnvQueryGenerator_PerceivedActors.cpp(105): error C2143: syntax error: missing ';' before '}'
  C:\Users\TheAm\Documents\_Archive\Unreal Projects\BoomerShooterTemplate - Broken\Source\BoomerShooter\Private\EnvQueryGenerator_PerceivedActors.cpp(105): error C2059: syntax error: '}'
LogInit: Warning: Still incompatible or missing module: BoomerShooter
LogCore: Engine exit requested (reason: EngineExit() was called)
LogExit: Preparing to exit.
LogModuleManager: Shutting down and abandoning module DesktopPlatform (48)
LogModuleManager: Shutting down and abandoning module PlatformCryptoOpenSSL (46)
LogModuleManager: Shutting down and abandoning module PlatformCryptoTypes (44)
LogModuleManager: Shutting down and abandoning module PlatformCrypto (42)
LogModuleManager: Shutting down and abandoning module PythonScriptPluginPreload (40)
LogModuleManager: Shutting down and abandoning module OodleDataCompressionFormat (38)
LogModuleManager: Shutting down and abandoning module XGEController (36)
LogXGEController: Cannot use XGE Controller as Incredibuild is not installed on this machine.
LogXGEController: Cleaning working directory: C:/Users/TheAm/AppData/Local/Temp/UnrealXGEWorkingDir/
LogModuleManager: Shutting down and abandoning module AnimationModifiers (34)
LogModuleManager: Shutting down and abandoning module AudioEditor (32)
LogModuleManager: Shutting down and abandoning module PropertyEditor (31)
LogModuleManager: Shutting down and abandoning module TextureCompressor (28)
LogModuleManager: Shutting down and abandoning module RenderCore (26)
LogModuleManager: Shutting down and abandoning module Landscape (24)
LogModuleManager: Shutting down and abandoning module SlateRHIRenderer (22)
LogModuleManager: Shutting down and abandoning module AnimGraphRuntime (20)
LogModuleManager: Shutting down and abandoning module Renderer (18)
LogModuleManager: Shutting down and abandoning module Engine (16)
LogModuleManager: Shutting down and abandoning module CoreUObject (14)
LogModuleManager: Shutting down and abandoning module NetworkFile (12)
LogModuleManager: Shutting down and abandoning module CookedIterativeFile (10)
LogModuleManager: Shutting down and abandoning module StreamingFile (8)
LogModuleManager: Shutting down and abandoning module SandboxFile (6)
LogModuleManager: Shutting down and abandoning module PakFile (4)
LogModuleManager: Shutting down and abandoning module RSA (3)
LogExit: Exiting.
Log file closed, 09/16/24 00:01:07
